0 info it worked if it ends with ok
1 verbose cli [ 'node',
1 verbose cli   '/usr/local/bin/npm',
1 verbose cli   'install',
1 verbose cli   '-g',
1 verbose cli   'ios-sim using node.js: http://nodejs.org/\n\n\n\n\n\n\nnpm install -g ios-sim',
1 verbose cli   'using',
1 verbose cli   'node.js:',
1 verbose cli   'http://nodejs.org/' ]
2 info using npm@1.3.11
3 info using node@v0.10.21
4 verbose cache add [ 'ios-sim using node.js: http://nodejs.org/\n\n\n\n\n\n\nnpm install -g ios-sim',
4 verbose cache add   null ]
5 verbose cache add name=undefined spec="ios-sim using node.js: http://nodejs.org/\n\n\n\n\n\n\nnpm install -g ios-sim" args=["ios-sim using node.js: http://nodejs.org/\n\n\n\n\n\n\nnpm install -g ios-sim",null]
6 verbose parsed url { protocol: null,
6 verbose parsed url   slashes: null,
6 verbose parsed url   auth: null,
6 verbose parsed url   host: null,
6 verbose parsed url   port: null,
6 verbose parsed url   hostname: null,
6 verbose parsed url   hash: null,
6 verbose parsed url   search: null,
6 verbose parsed url   query: null,
6 verbose parsed url   pathname: 'ios-sim%20using%20node.js:%20http://nodejs.org/%0A%0A%0A%0A%0A%0A%0Anpm%20install%20-g%20ios-sim',
6 verbose parsed url   path: 'ios-sim%20using%20node.js:%20http://nodejs.org/%0A%0A%0A%0A%0A%0A%0Anpm%20install%20-g%20ios-sim',
6 verbose parsed url   href: 'ios-sim%20using%20node.js:%20http://nodejs.org/%0A%0A%0A%0A%0A%0A%0Anpm%20install%20-g%20ios-sim' }
7 verbose cache add [ 'using', null ]
8 verbose cache add name=undefined spec="using" args=["using",null]
9 verbose parsed url { protocol: null,
9 verbose parsed url   slashes: null,
9 verbose parsed url   auth: null,
9 verbose parsed url   host: null,
9 verbose parsed url   port: null,
9 verbose parsed url   hostname: null,
9 verbose parsed url   hash: null,
9 verbose parsed url   search: null,
9 verbose parsed url   query: null,
9 verbose parsed url   pathname: 'using',
9 verbose parsed url   path: 'using',
9 verbose parsed url   href: 'using' }
10 verbose cache add [ 'node.js:', null ]
11 verbose cache add name=undefined spec="node.js:" args=["node.js:",null]
12 verbose parsed url { protocol: 'node.js:',
12 verbose parsed url   slashes: null,
12 verbose parsed url   auth: null,
12 verbose parsed url   host: '',
12 verbose parsed url   port: null,
12 verbose parsed url   hostname: '',
12 verbose parsed url   hash: null,
12 verbose parsed url   search: null,
12 verbose parsed url   query: null,
12 verbose parsed url   pathname: null,
12 verbose parsed url   path: null,
12 verbose parsed url   href: 'node.js:' }
13 verbose cache add [ 'http://nodejs.org/', null ]
14 verbose cache add name=undefined spec="http://nodejs.org/" args=["http://nodejs.org/",null]
15 verbose parsed url { protocol: 'http:',
15 verbose parsed url   slashes: true,
15 verbose parsed url   auth: null,
15 verbose parsed url   host: 'nodejs.org',
15 verbose parsed url   port: null,
15 verbose parsed url   hostname: 'nodejs.org',
15 verbose parsed url   hash: null,
15 verbose parsed url   search: null,
15 verbose parsed url   query: null,
15 verbose parsed url   pathname: '/',
15 verbose parsed url   path: '/',
15 verbose parsed url   href: 'http://nodejs.org/' }
16 silly lockFile 7a785307-nodejs-org-npm-install-g-ios-sim ios-sim using node.js: http://nodejs.org/
16 silly lockFile
16 silly lockFile
16 silly lockFile
16 silly lockFile
16 silly lockFile
16 silly lockFile
16 silly lockFile npm install -g ios-sim
17 verbose lock ios-sim using node.js: http://nodejs.org/
17 verbose lock
17 verbose lock
17 verbose lock
17 verbose lock
17 verbose lock
17 verbose lock
17 verbose lock npm install -g ios-sim /Users/faeryqueen21/.npm/7a785307-nodejs-org-npm-install-g-ios-sim.lock
18 silly lockFile 92bd75eb-using using
19 verbose lock using /Users/faeryqueen21/.npm/92bd75eb-using.lock
20 silly lockFile cea7e47d-node-js node.js:
21 verbose lock node.js: /Users/faeryqueen21/.npm/cea7e47d-node-js.lock
22 silly lockFile 537ca5fb-http-nodejs-org http://nodejs.org/
23 verbose lock http://nodejs.org/ /Users/faeryqueen21/.npm/537ca5fb-http-nodejs-org.lock
24 silly lockFile 7a785307-nodejs-org-npm-install-g-ios-sim ios-sim using node.js: http://nodejs.org/
24 silly lockFile
24 silly lockFile
24 silly lockFile
24 silly lockFile
24 silly lockFile
24 silly lockFile
24 silly lockFile npm install -g ios-sim
25 silly lockFile 7a785307-nodejs-org-npm-install-g-ios-sim ios-sim using node.js: http://nodejs.org/
25 silly lockFile
25 silly lockFile
25 silly lockFile
25 silly lockFile
25 silly lockFile
25 silly lockFile
25 silly lockFile npm install -g ios-sim
26 silly lockFile 92bd75eb-using using
27 silly lockFile 92bd75eb-using using
28 error addLocal Could not install ios-sim using node.js: http://nodejs.org/
28 error addLocal
28 error addLocal
28 error addLocal
28 error addLocal
28 error addLocal
28 error addLocal
28 error addLocal npm install -g ios-sim
29 error Error: ENOENT, stat 'ios-sim using node.js: http://nodejs.org/
29 error
29 error
29 error
29 error
29 error
29 error
29 error npm install -g ios-sim'
30 error If you need help, you may report this log at:
30 error     <http://github.com/isaacs/npm/issues>
30 error or email it to:
30 error     <npm-@googlegroups.com>
31 error System Darwin 12.5.0
32 error command "node" "/usr/local/bin/npm" "install" "-g" "ios-sim using node.js: http://nodejs.org/\n\n\n\n\n\n\nnpm install -g ios-sim" "using" "node.js:" "http://nodejs.org/"
33 error cwd /Users/faeryqueen21/Desktop/mdv-projects/AVF/AVFDemo
34 error node -v v0.10.21
35 error npm -v 1.3.11
36 error path ios-sim using node.js: http://nodejs.org/
36 error path
36 error path
36 error path
36 error path
36 error path
36 error path
36 error path npm install -g ios-sim
37 error code ENOENT
38 error errno 34
39 verbose exit [ 34, true ]
